<?xml version="1.0" encoding="UTF-8"?>
<!-- Generated by org.testng.reporters.JUnitReportReporter -->
<testsuite hostname="DESKTOP-1F837G5" name="Test.MavenTest1" tests="2" failures="0" timestamp="14 Jun 2021 13:19:12 GMT" time="0.011" errors="0">
  <testcase name="f" time="0.011" classname="Test.MavenTest1"/>
  <testcase name="f" time="0.000" classname="Test.MavenTest1"/>
</testsuite> <!-- Test.MavenTest1 -->
